<?xml version="1.0" encoding="UTF-8"?>
<!-- Generated by org.testng.reporters.JUnitReportReporter -->
<testsuite skipped="0" hostname="DESKTOP-EH4DQNG" name="homepage.HomepageTopmenu" tests="1" failures="0" timestamp="10 Dec 2018 11:30:49 GMT" time="0.540" errors="0">
  <testcase name="Top_Menu" time="0.540" classname="homepage.HomepageTopmenu"/>
</testsuite> <!-- homepage.HomepageTopmenu -->
