<?xml version="1.0" encoding="UTF-8"?>
<!-- Generated by org.testng.reporters.JUnitReportReporter -->
<testsuite skipped="0" hostname="DESKTOP-EH4DQNG" name="pdppage.PdpHeaderFooter" tests="1" failures="0" timestamp="10 Dec 2018 11:30:49 GMT" time="20.976" errors="0">
  <testcase name="Pdpheaderfooter" time="20.976" classname="pdppage.PdpHeaderFooter"/>
</testsuite> <!-- pdppage.PdpHeaderFooter -->
