<?xml version="1.0" encoding="UTF-8"?>
<!-- Generated by org.testng.reporters.JUnitReportReporter -->
<testsuite skipped="0" hostname="DESKTOP-EH4DQNG" name="cart.CartpopupAndUpdation" tests="1" failures="0" timestamp="10 Dec 2018 11:30:49 GMT" time="28.635" errors="0">
  <testcase name="popupandupdation" time="28.635" classname="cart.CartpopupAndUpdation"/>
</testsuite> <!-- cart.CartpopupAndUpdation -->
