<?xml version="1.0" encoding="UTF-8"?>
<!-- Generated by org.testng.reporters.JUnitReportReporter -->
<testsuite skipped="0" hostname="DESKTOP-EH4DQNG" name="test.PDPtopmenu" tests="1" failures="0" timestamp="02 Nov 2018 06:42:05 GMT" time="46.935" errors="0">
  <testcase name="PDP_Topmenu" time="46.935" classname="test.PDPtopmenu"/>
</testsuite> <!-- test.PDPtopmenu -->
