<?xml version="1.0" encoding="UTF-8"?>
<!-- Generated by org.testng.reporters.JUnitReportReporter -->
<testsuite skipped="0" hostname="DESKTOP-EH4DQNG" name="homepage.Section2Banner" tests="1" failures="0" timestamp="23 Nov 2018 07:52:34 GMT" time="29.705" errors="0">
  <testcase name="section2_banner" time="29.705" classname="homepage.Section2Banner"/>
</testsuite> <!-- homepage.Section2Banner -->
