<?xml version="1.0" encoding="UTF-8"?>
<!-- Generated by org.testng.reporters.JUnitReportReporter -->
<testsuite skipped="0" hostname="DESKTOP-EH4DQNG" name="pdppage.QuantitySpinnerPdp" tests="1" failures="0" timestamp="10 Dec 2018 11:30:48 GMT" time="22.653" errors="0">
  <testcase name="Quantity_spinner" time="22.653" classname="pdppage.QuantitySpinnerPdp"/>
</testsuite> <!-- pdppage.QuantitySpinnerPdp -->
