<?xml version="1.0" encoding="UTF-8"?>
<!-- Generated by org.testng.reporters.JUnitReportReporter -->
<testsuite skipped="0" hostname="DESKTOP-EH4DQNG" name="test.Submenucategory" tests="1" failures="0" timestamp="31 Oct 2018 10:35:02 GMT" time="4.698" errors="0">
  <testcase name="Subcategory" time="4.698" classname="test.Submenucategory"/>
</testsuite> <!-- test.Submenucategory -->
