<?xml version="1.0" encoding="UTF-8"?>
<!-- Generated by org.testng.reporters.JUnitReportReporter -->
<testsuite skipped="0" hostname="DESKTOP-EH4DQNG" name="test.CategorypageLeftmenu" tests="1" failures="0" timestamp="02 Nov 2018 05:15:26 GMT" time="25.568" errors="0">
  <testcase name="categoryleftmenu" time="25.568" classname="test.CategorypageLeftmenu"/>
</testsuite> <!-- test.CategorypageLeftmenu -->
