<?xml version="1.0" encoding="UTF-8"?>
<!-- Generated by org.testng.reporters.JUnitReportReporter -->
<testsuite skipped="0" hostname="DESKTOP-EH4DQNG" name="test.Addtowishlist" tests="1" failures="0" timestamp="05 Nov 2018 04:53:28 GMT" time="21.213" errors="0">
  <testcase name="Addtowish_list" time="21.213" classname="test.Addtowishlist"/>
</testsuite> <!-- test.Addtowishlist -->
