<?xml version="1.0" encoding="UTF-8"?>
<!-- Generated by org.testng.reporters.JUnitReportReporter -->
<testsuite skipped="0" hostname="DESKTOP-EH4DQNG" name="pdppage.PdpDetails" tests="1" failures="0" timestamp="10 Dec 2018 11:30:49 GMT" time="25.972" errors="0">
  <testcase name="PDPattributes" time="25.972" classname="pdppage.PdpDetails"/>
</testsuite> <!-- pdppage.PdpDetails -->
