<?xml version="1.0" encoding="UTF-8"?>
<!-- Generated by org.testng.reporters.JUnitReportReporter -->
<testsuite skipped="0" hostname="DESKTOP-EH4DQNG" name="test.Section5Imagestext" tests="1" failures="0" timestamp="31 Oct 2018 11:54:00 GMT" time="0.139" errors="0">
  <testcase name="videotext" time="0.139" classname="test.Section5Imagestext"/>
</testsuite> <!-- test.Section5Imagestext -->
