<?xml version="1.0" encoding="UTF-8"?>
<!-- Generated by org.testng.reporters.JUnitReportReporter -->
<testsuite skipped="0" hostname="DESKTOP-EH4DQNG" name="test.PLPproductlist" tests="1" failures="0" timestamp="30 Oct 2018 09:23:16 GMT" time="58.122" errors="0">
  <testcase name="PLPproduct_list" time="58.122" classname="test.PLPproductlist"/>
</testsuite> <!-- test.PLPproductlist -->
