<?xml version="1.0" encoding="UTF-8"?>
<!-- Generated by org.testng.reporters.JUnitReportReporter -->
<testsuite skipped="0" hostname="DESKTOP-EH4DQNG" name="test.PLPpagesearching" tests="1" failures="0" timestamp="02 Nov 2018 06:20:41 GMT" time="15.691" errors="0">
  <testcase name="plppage_searching" time="15.691" classname="test.PLPpagesearching"/>
</testsuite> <!-- test.PLPpagesearching -->
