<?xml version="1.0" encoding="UTF-8"?>
<!-- Generated by org.testng.reporters.JUnitReportReporter -->
<testsuite skipped="0" hostname="DESKTOP-EH4DQNG" name="cart.CartProceedBtnExistance" tests="1" failures="0" timestamp="10 Dec 2018 11:30:48 GMT" time="42.700" errors="0">
  <testcase name="proceedbtnexistance" time="42.700" classname="cart.CartProceedBtnExistance"/>
</testsuite> <!-- cart.CartProceedBtnExistance -->
