<?xml version="1.0" encoding="UTF-8"?>
<!-- Generated by org.testng.reporters.JUnitReportReporter -->
<testsuite skipped="0" hostname="DESKTOP-EH4DQNG" name="test.CartTopmenu" tests="1" failures="0" timestamp="02 Nov 2018 09:08:15 GMT" time="46.445" errors="0">
  <testcase name="Carttop_menu" time="46.445" classname="test.CartTopmenu"/>
</testsuite> <!-- test.CartTopmenu -->
