<?xml version="1.0" encoding="UTF-8"?>
<!-- Generated by org.testng.reporters.JUnitReportReporter -->
<testsuite skipped="0" hostname="DESKTOP-EH4DQNG" name="homepage.Section12text" tests="1" failures="0" timestamp="23 Nov 2018 04:58:35 GMT" time="0.138" errors="0">
  <testcase name="Section12_text" time="0.138" classname="homepage.Section12text"/>
</testsuite> <!-- homepage.Section12text -->
