<?xml version="1.0" encoding="UTF-8"?>
<!-- Generated by org.testng.reporters.JUnitReportReporter -->
<testsuite skipped="0" hostname="DESKTOP-EH4DQNG" name="homepage.Searchkey" tests="1" failures="0" timestamp="10 Dec 2018 11:30:49 GMT" time="6.330" errors="0">
  <testcase name="searchkeyenter" time="6.330" classname="homepage.Searchkey"/>
</testsuite> <!-- homepage.Searchkey -->
