<?xml version="1.0" encoding="UTF-8"?>
<!-- Generated by org.testng.reporters.JUnitReportReporter -->
<testsuite skipped="0" hostname="DESKTOP-EH4DQNG" name="plppage.PagerTest" tests="1" failures="0" timestamp="10 Dec 2018 11:30:48 GMT" time="44.331" errors="0">
  <testcase name="Pager_Test" time="44.331" classname="plppage.PagerTest"/>
</testsuite> <!-- plppage.PagerTest -->
