<?xml version="1.0" encoding="UTF-8"?>
<!-- Generated by org.testng.reporters.JUnitReportReporter -->
<testsuite skipped="0" hostname="DESKTOP-EH4DQNG" name="test.Section8Imagestext" tests="1" failures="0" timestamp="31 Oct 2018 12:18:00 GMT" time="0.165" errors="0">
  <testcase name="section8_Text" time="0.165" classname="test.Section8Imagestext"/>
</testsuite> <!-- test.Section8Imagestext -->
