<?xml version="1.0" encoding="UTF-8"?>
<!-- Generated by org.testng.reporters.JUnitReportReporter -->
<testsuite skipped="0" hostname="DESKTOP-EH4DQNG" name="emailgenerator.Email" tests="1" failures="0" timestamp="11 Dec 2018 10:17:06 GMT" time="6.990" errors="0">
  <testcase name="sendemail" time="6.990" classname="emailgenerator.Email"/>
</testsuite> <!-- emailgenerator.Email -->
