<?xml version="1.0" encoding="UTF-8"?>
<!-- Generated by org.testng.reporters.JUnitReportReporter -->
<testsuite skipped="0" hostname="DESKTOP-EH4DQNG" name="test.QuantityspinnerPDP" tests="1" failures="0" timestamp="02 Nov 2018 08:39:23 GMT" time="24.146" errors="0">
  <testcase name="Quantity_spinner" time="24.146" classname="test.QuantityspinnerPDP"/>
</testsuite> <!-- test.QuantityspinnerPDP -->
