<?xml version="1.0" encoding="UTF-8"?>
<!-- Generated by org.testng.reporters.JUnitReportReporter -->
<testsuite skipped="0" hostname="DESKTOP-EH4DQNG" name="test.Topmenu" tests="1" failures="0" timestamp="31 Oct 2018 11:14:14 GMT" time="0.698" errors="0">
  <testcase name="Top_Menu" time="0.698" classname="test.Topmenu"/>
</testsuite> <!-- test.Topmenu -->
