<?xml version="1.0" encoding="UTF-8"?>
<!-- Generated by org.testng.reporters.JUnitReportReporter -->
<testsuite skipped="0" hostname="DESKTOP-EH4DQNG" name="test.PDPDetails" tests="1" failures="0" timestamp="02 Nov 2018 07:45:55 GMT" time="22.616" errors="0">
  <testcase name="PDPattributes" time="22.616" classname="test.PDPDetails"/>
</testsuite> <!-- test.PDPDetails -->
