<?xml version="1.0" encoding="UTF-8"?>
<!-- Generated by org.testng.reporters.JUnitReportReporter -->
<testsuite skipped="0" hostname="DESKTOP-EH4DQNG" name="cart.CartpageHeaderFooter" tests="1" failures="0" timestamp="10 Dec 2018 11:30:49 GMT" time="59.283" errors="0">
  <testcase name="Cartheaderfooter" time="59.283" classname="cart.CartpageHeaderFooter"/>
</testsuite> <!-- cart.CartpageHeaderFooter -->
