<?xml version="1.0" encoding="UTF-8"?>
<!-- Generated by org.testng.reporters.JUnitReportReporter -->
<testsuite skipped="0" hostname="DESKTOP-EH4DQNG" name="test.Header" tests="1" failures="0" timestamp="31 Oct 2018 09:35:41 GMT" time="0.685" errors="0">
  <testcase name="Headerelements" time="0.685" classname="test.Header"/>
</testsuite> <!-- test.Header -->
