<?xml version="1.0" encoding="UTF-8"?>
<!-- Generated by org.testng.reporters.JUnitReportReporter -->
<testsuite skipped="1" hostname="DESKTOP-EH4DQNG" name="test.HomepageTestcase" tests="2" failures="0" timestamp="30 Oct 2018 04:47:11 GMT" time="0.527" errors="0">
  <testcase name="Headerelements" time="0.527" classname="test.HomepageTestcase"/>
  <testcase name="searchkeyenter" classname="test.HomepageTestcase">
    <skipped/>
  </testcase> <!-- searchkeyenter -->
</testsuite> <!-- test.HomepageTestcase -->
