<?xml version="1.0" encoding="UTF-8"?>
<!-- Generated by org.testng.reporters.JUnitReportReporter -->
<testsuite skipped="0" hostname="DESKTOP-EH4DQNG" name="homepage.Section5Imagesandtext" tests="1" failures="0" timestamp="23 Nov 2018 04:58:35 GMT" time="18.177" errors="0">
  <testcase name="Section5_text" time="18.177" classname="homepage.Section5Imagesandtext"/>
</testsuite> <!-- homepage.Section5Imagesandtext -->
