<?xml version="1.0" encoding="UTF-8"?>
<!-- Generated by org.testng.reporters.JUnitReportReporter -->
<testsuite hostname="DESKTOP-UK9COPF" name="homepage.Footer" tests="1" failures="0" timestamp="17 Mar 2020 07:54:58 GMT" time="2.288" errors="0">
  <testcase name="Footer_elements" time="2.288" classname="homepage.Footer"/>
</testsuite> <!-- homepage.Footer -->
