<?xml version="1.0" encoding="UTF-8"?>
<!-- Generated by org.testng.reporters.JUnitReportReporter -->
<testsuite skipped="0" hostname="DESKTOP-EH4DQNG" name="categorypage.Categorylistitem" tests="1" failures="0" timestamp="10 Dec 2018 11:30:48 GMT" time="7.168" errors="0">
  <testcase name="Category_List" time="7.168" classname="categorypage.Categorylistitem"/>
</testsuite> <!-- categorypage.Categorylistitem -->
