<?xml version="1.0" encoding="UTF-8"?>
<!-- Generated by org.testng.reporters.JUnitReportReporter -->
<testsuite skipped="0" hostname="DESKTOP-EH4DQNG" name="test.Categoryheaderfooter" tests="1" failures="0" timestamp="02 Nov 2018 05:23:00 GMT" time="16.069" errors="0">
  <testcase name="category_headerfooter" time="16.069" classname="test.Categoryheaderfooter"/>
</testsuite> <!-- test.Categoryheaderfooter -->
