<?xml version="1.0" encoding="UTF-8"?>
<!-- Generated by org.testng.reporters.JUnitReportReporter -->
<testsuite skipped="0" hostname="DESKTOP-EH4DQNG" name="test.Subscriptionsignup" tests="1" failures="0" timestamp="05 Nov 2018 03:44:49 GMT" time="7.472" errors="0">
  <testcase name="Subscription_signup" time="7.472" classname="test.Subscriptionsignup"/>
</testsuite> <!-- test.Subscriptionsignup -->
