<?xml version="1.0" encoding="UTF-8"?>
<!-- Generated by org.testng.reporters.JUnitReportReporter -->
<testsuite skipped="0" hostname="DESKTOP-EH4DQNG" name="checkout.Checkout_Process" tests="1" failures="0" timestamp="10 Dec 2018 11:40:52 GMT" time="89.727" errors="0">
  <testcase name="proceedorder" time="89.727" classname="checkout.Checkout_Process"/>
</testsuite> <!-- checkout.Checkout_Process -->
