<?xml version="1.0" encoding="UTF-8"?>
<!-- Generated by org.testng.reporters.JUnitReportReporter -->
<testsuite skipped="0" hostname="DESKTOP-EH4DQNG" name="plppage.PlpProductList" tests="1" failures="0" timestamp="10 Dec 2018 11:30:48 GMT" time="19.238" errors="0">
  <testcase name="PLPproduct_list" time="19.238" classname="plppage.PlpProductList"/>
</testsuite> <!-- plppage.PlpProductList -->
