<?xml version="1.0" encoding="UTF-8"?>
<!-- Generated by org.testng.reporters.JUnitReportReporter -->
<testsuite skipped="0" hostname="DESKTOP-EH4DQNG" name="plppage.PLPPageSearching" tests="1" failures="0" timestamp="10 Dec 2018 11:30:49 GMT" time="21.749" errors="0">
  <testcase name="plppage_searching" time="21.749" classname="plppage.PLPPageSearching"/>
</testsuite> <!-- plppage.PLPPageSearching -->
