<?xml version="1.0" encoding="UTF-8"?>
<!-- Generated by org.testng.reporters.JUnitReportReporter -->
<testsuite skipped="0" hostname="DESKTOP-EH4DQNG" name="plppage.TopMenuPlpPage" tests="1" failures="0" timestamp="10 Dec 2018 11:30:48 GMT" time="12.952" errors="0">
  <testcase name="Topmenu_plppage" time="12.952" classname="plppage.TopMenuPlpPage"/>
</testsuite> <!-- plppage.TopMenuPlpPage -->
