<?xml version="1.0" encoding="UTF-8"?>
<!-- Generated by org.testng.reporters.JUnitReportReporter -->
<testsuite skipped="0" hostname="DESKTOP-EH4DQNG" name="test.Topmenuplppage" tests="1" failures="0" timestamp="02 Nov 2018 06:08:16 GMT" time="16.239" errors="0">
  <testcase name="Topmenu_plppage" time="16.239" classname="test.Topmenuplppage"/>
</testsuite> <!-- test.Topmenuplppage -->
