<?xml version="1.0" encoding="UTF-8"?>
<!-- Generated by org.testng.reporters.JUnitReportReporter -->
<testsuite skipped="0" hostname="DESKTOP-EH4DQNG" name="cart.Addtocart" tests="1" failures="0" timestamp="10 Dec 2018 11:30:49 GMT" time="22.107" errors="0">
  <testcase name="Addto_cart" time="22.107" classname="cart.Addtocart"/>
</testsuite> <!-- cart.Addtocart -->
