<?xml version="1.0" encoding="UTF-8"?>
<!-- Generated by org.testng.reporters.JUnitReportReporter -->
<testsuite skipped="0" hostname="DESKTOP-EH4DQNG" name="homepage.Section13Bottom" tests="1" failures="0" timestamp="23 Nov 2018 04:58:36 GMT" time="0.217" errors="0">
  <testcase name="Section13_text" time="0.217" classname="homepage.Section13Bottom"/>
</testsuite> <!-- homepage.Section13Bottom -->
