<?xml version="1.0" encoding="UTF-8"?>
<!-- Generated by org.testng.reporters.JUnitReportReporter -->
<testsuite skipped="0" hostname="DESKTOP-EH4DQNG" name="emailgenerator.dummymaill" tests="1" failures="0" timestamp="05 Dec 2018 07:29:46 GMT" time="6.445" errors="0">
  <testcase name="dummy" time="6.445" classname="emailgenerator.dummymaill"/>
</testsuite> <!-- emailgenerator.dummymaill -->
