<?xml version="1.0" encoding="UTF-8"?>
<!-- Generated by org.testng.reporters.JUnitReportReporter -->
<testsuite skipped="0" hostname="DESKTOP-EH4DQNG" name="ExcelGenerator.Excelreport" tests="1" failures="0" timestamp="07 Jan 2019 05:34:30 GMT" time="11.890" errors="0">
  <testcase name="FinalReport" time="11.890" classname="ExcelGenerator.Excelreport"/>
</testsuite> <!-- ExcelGenerator.Excelreport -->
