<?xml version="1.0" encoding="UTF-8"?>
<!-- Generated by org.testng.reporters.JUnitReportReporter -->
<testsuite skipped="0" hostname="DESKTOP-EH4DQNG" name="test.Loginlink_Homepage" tests="1" failures="0" timestamp="05 Nov 2018 04:16:55 GMT" time="0.562" errors="0">
  <testcase name="Login_Link" time="0.562" classname="test.Loginlink_Homepage"/>
</testsuite> <!-- test.Loginlink_Homepage -->
