<?xml version="1.0" encoding="UTF-8"?>
<!-- Generated by org.testng.reporters.JUnitReportReporter -->
<testsuite skipped="0" hostname="DESKTOP-EH4DQNG" name="test.Cart_Link" tests="1" failures="0" timestamp="05 Nov 2018 04:09:07 GMT" time="0.208" errors="0">
  <testcase name="CartLink" time="0.208" classname="test.Cart_Link"/>
</testsuite> <!-- test.Cart_Link -->
