<?xml version="1.0" encoding="UTF-8"?>
<!-- Generated by org.testng.reporters.JUnitReportReporter -->
<testsuite skipped="0" hostname="DESKTOP-UK9COPF" name="homepage.LoginUser" tests="1" failures="0" timestamp="2020-03-17T12:22:01 IST" time="145.167" errors="0">
  <testcase name="loginbeeja" time="145.167" classname="homepage.LoginUser"/>
  <system-out/>
</testsuite> <!-- homepage.LoginUser -->
