<?xml version="1.0" encoding="UTF-8"?>
<!-- Generated by org.testng.reporters.JUnitReportReporter -->
<testsuite skipped="0" hostname="DESKTOP-EH4DQNG" name="categorypage.Categorysearchpage" tests="1" failures="0" timestamp="10 Dec 2018 11:30:49 GMT" time="14.438" errors="0">
  <testcase name="Category_searchitem" time="14.438" classname="categorypage.Categorysearchpage"/>
</testsuite> <!-- categorypage.Categorysearchpage -->
