<?xml version="1.0" encoding="UTF-8"?>
<!-- Generated by org.testng.reporters.JUnitReportReporter -->
<testsuite skipped="0" hostname="DESKTOP-EH4DQNG" name="test.Categorysearchpage" tests="1" failures="0" timestamp="02 Nov 2018 05:54:21 GMT" time="12.387" errors="0">
  <testcase name="Category_searchitem" time="12.387" classname="test.Categorysearchpage"/>
</testsuite> <!-- test.Categorysearchpage -->
