<?xml version="1.0" encoding="UTF-8"?>
<!-- Generated by org.testng.reporters.JUnitReportReporter -->
<testsuite skipped="0" hostname="DESKTOP-EH4DQNG" name="test.Videosection3" tests="1" failures="0" timestamp="31 Oct 2018 11:43:00 GMT" time="0.077" errors="0">
  <testcase name="videotext" time="0.077" classname="test.Videosection3"/>
</testsuite> <!-- test.Videosection3 -->
