<?xml version="1.0" encoding="UTF-8"?>
<!-- Generated by org.testng.reporters.JUnitReportReporter -->
<testsuite skipped="0" hostname="DESKTOP-EH4DQNG" name="homepage.Section9Imagestext" tests="1" failures="0" timestamp="23 Nov 2018 04:58:35 GMT" time="5.289" errors="0">
  <testcase name="section9_text" time="5.289" classname="homepage.Section9Imagestext"/>
</testsuite> <!-- homepage.Section9Imagestext -->
