<?xml version="1.0" encoding="UTF-8"?>
<!-- Generated by org.testng.reporters.JUnitReportReporter -->
<testsuite skipped="0" hostname="DESKTOP-EH4DQNG" name="test.Checkout" tests="1" failures="0" timestamp="05 Nov 2018 05:15:59 GMT" time="23.357" errors="0">
  <testcase name="checkoutplaceorder" time="23.357" classname="test.Checkout"/>
</testsuite> <!-- test.Checkout -->
